Started by user [8mha:AAAAlR+LCAAAAAAAAP9b85aBtbiIQTGjNKU4P08vOT+vOD8nVc83PyU1x6OyILUoJzMv2y+/JJUBAhiZGBgqihhk0NSjKDWzXb3RdlLBUSYGJk8GtpzUvPSSDB8G5tKinBIGIZ+sxLJE/ZzEvHT94JKizLx0a6BxUmjGOUNodHsLgAzWEgZO/dLi1CL9sMw8AN5cAka+AAAA[0mVin B
Building on master in workspace /var/lib/jenkins/workspace/Presets-Linux64-OpenJDK9
 > git rev-parse --is-inside-work-tree # timeout=10
Fetching changes from the remote Git repository
 > git config remote.origin.url https://github.com/bytedeco/javacpp.git # timeout=10
Fetching upstream changes from https://github.com/bytedeco/javacpp.git
 > git --version # timeout=10
 > git fetch --tags --progress https://github.com/bytedeco/javacpp.git +refs/heads/*:refs/remotes/origin/*
 > git rev-parse refs/remotes/origin/master^{commit} # timeout=10
 > git rev-parse refs/remotes/origin/origin/master^{commit} # timeout=10
Checking out Revision de43b8253e2482f5211246f193b05d76d1df0235 (refs/remotes/origin/master)
 > git config core.sparsecheckout # timeout=10
 > git checkout -f de43b8253e2482f5211246f193b05d76d1df0235
 > git rev-list de43b8253e2482f5211246f193b05d76d1df0235 # timeout=10
 > git rev-parse --is-inside-work-tree # timeout=10
Fetching changes from the remote Git repository
 > git config remote.origin.url https://github.com/bytedeco/javacpp-presets.git # timeout=10
Fetching upstream changes from https://github.com/bytedeco/javacpp-presets.git
 > git --version # timeout=10
 > git fetch --tags --progress https://github.com/bytedeco/javacpp-presets.git +refs/heads/*:refs/remotes/origin/*
 > git rev-parse refs/remotes/origin/master^{commit} # timeout=10
 > git rev-parse refs/remotes/origin/origin/master^{commit} # timeout=10
Checking out Revision 43329aed47f35769234398dec6410c1e1134e9f9 (refs/remotes/origin/master)
 > git config core.sparsecheckout # timeout=10
 > git checkout -f 43329aed47f35769234398dec6410c1e1134e9f9
 > git rev-list 43329aed47f35769234398dec6410c1e1134e9f9 # timeout=10
 > git rev-parse --is-inside-work-tree # timeout=10
Fetching changes from the remote Git repository
 > git config remote.origin.url https://github.com/bytedeco/javacv.git # timeout=10
Fetching upstream changes from https://github.com/bytedeco/javacv.git
 > git --version # timeout=10
 > git fetch --tags --progress https://github.com/bytedeco/javacv.git +refs/heads/*:refs/remotes/origin/*
 > git rev-parse refs/remotes/origin/master^{commit} # timeout=10
 > git rev-parse refs/remotes/origin/origin/master^{commit} # timeout=10
Checking out Revision f630183a54a841c146d448997a85f5de451536fc (refs/remotes/origin/master)
 > git config core.sparsecheckout # timeout=10
 > git checkout -f f630183a54a841c146d448997a85f5de451536fc
 > git rev-list f630183a54a841c146d448997a85f5de451536fc # timeout=10
[Presets-Linux64-OpenJDK9] $ /bin/sh -xe /tmp/hudson1450327283463002203.sh
