    [CC] vp9/encoder/vp9_encodemv.c.o
    [CC] vp9/encoder/vp9_ethread.c.o
    [CC] vp9/encoder/vp9_extend.c.o
    [CC] vp9/encoder/vp9_firstpass.c.o
    [CC] vp9/encoder/vp9_lookahead.c.o
    [CC] vp9/encoder/vp9_mcomp.c.o
    [CC] vp9/encoder/vp9_encoder.c.o
    [CC] vp9/encoder/vp9_picklpf.c.o
    [CC] vp9/encoder/vp9_quantize.c.o
    [CC] vp9/encoder/vp9_ratectrl.c.o
    [CC] vp9/encoder/vp9_rd.c.o
    [CC] vp9/encoder/vp9_rdopt.c.o
    [CC] vp9/encoder/vp9_pickmode.c.o
    [CC] vp9/encoder/vp9_segmentation.c.o
    [CC] vp9/encoder/vp9_speed_features.c.o
    [CC] vp9/encoder/vp9_subexp.c.o
    [CC] vp9/encoder/vp9_svc_layercontext.c.o
    [CC] vp9/encoder/vp9_resize.c.o
    [CC] vp9/encoder/vp9_tokenize.c.o
    [CC] vp9/encoder/vp9_treewriter.c.o
    [CC] vp9/encoder/vp9_aq_variance.c.o
    [CC] vp9/encoder/vp9_aq_360.c.o
    [CC] vp9/encoder/vp9_aq_cyclicrefresh.c.o
    [CC] vp9/encoder/vp9_aq_complexity.c.o
    [CC] vp9/encoder/vp9_alt_ref_aq.c.o
    [CC] vp9/encoder/vp9_skin_detection.c.o
    [CC] vp9/encoder/vp9_noise_estimate.c.o
    [CC] vp9/encoder/vp9_temporal_filter.c.o
    [CC] vp9/encoder/vp9_mbgraph.c.o
    [CC] vp9/encoder/x86/vp9_quantize_sse2.c.o
    [CC] vp9/encoder/x86/vp9_diamond_search_sad_avx.c.o
    [CC] vp9/encoder/x86/vp9_dct_intrin_sse2.c.o
    [CC] vp9/encoder/x86/vp9_dct_ssse3.c.o
    [CC] vp9/encoder/x86/vp9_frame_scale_ssse3.c.o
    [CC] vp9/encoder/x86/vp9_error_intrin_avx2.c.o
    [CC] vp9/vp9_dx_iface.c.o
    [CC] vp9/decoder/vp9_decodemv.c.o
    [CC] vp9/decoder/vp9_decodeframe.c.o
    [CC] vp9/decoder/vp9_detokenize.c.o
    [CC] vp9/decoder/vp9_dthread.c.o
    [CC] vp9/decoder/vp9_decoder.c.o
    [CC] vp9/decoder/vp9_dsubexp.c.o
    [CC] vpx_config.c.o
    [AS] vpx_ports/emms.asm.o
    [AS] vpx_ports/x86_abi_support.asm.o
    [AS] vpx_dsp/x86/intrapred_sse2.asm.o
    [AS] vpx_dsp/x86/intrapred_ssse3.asm.o
    [AS] vpx_dsp/x86/vpx_subpixel_8t_ssse3.asm.o
    [AS] vpx_dsp/x86/add_noise_sse2.asm.o
    [AS] vpx_dsp/x86/deblock_sse2.asm.o
    [AS] vpx_dsp/x86/vpx_subpixel_8t_sse2.asm.o
    [AS] vpx_dsp/x86/vpx_subpixel_bilinear_sse2.asm.o
    [AS] vpx_dsp/x86/vpx_subpixel_bilinear_ssse3.asm.o
    [AS] vpx_dsp/x86/inv_wht_sse2.asm.o
    [AS] vpx_dsp/x86/vpx_convolve_copy_sse2.asm.o
    [AS] vpx_dsp/x86/sad_sse3.asm.o
    [AS] vpx_dsp/x86/sad_ssse3.asm.o
    [AS] vpx_dsp/x86/sad_sse4.asm.o
    [AS] vpx_dsp/x86/sad4d_sse2.asm.o
    [AS] vpx_dsp/x86/sad_sse2.asm.o
    [AS] vpx_dsp/x86/subtract_sse2.asm.o
    [AS] vpx_dsp/x86/subpel_variance_sse2.asm.o
    [AS] vp8/common/x86/dequantize_mmx.asm.o
    [AS] vp8/common/x86/idctllm_mmx.asm.o
    [AS] vp8/common/x86/recon_mmx.asm.o
    [AS] vp8/common/x86/subpixel_mmx.asm.o
    [AS] vp8/common/x86/copy_sse2.asm.o
    [AS] vp8/common/x86/idctllm_sse2.asm.o
    [AS] vp8/common/x86/recon_sse2.asm.o
    [AS] vp8/common/x86/subpixel_sse2.asm.o
    [AS] vp8/common/x86/loopfilter_sse2.asm.o
    [AS] vp8/common/x86/iwalsh_sse2.asm.o
    [AS] vp8/common/x86/copy_sse3.asm.o
    [AS] vp8/common/x86/subpixel_ssse3.asm.o
    [AS] vp8/common/x86/mfqe_sse2.asm.o
    [AS] vp8/encoder/x86/dct_sse2.asm.o
    [AS] vp8/encoder/x86/fwalsh_sse2.asm.o
    [AS] vp8/encoder/x86/temporal_filter_apply_sse2.asm.o
    [AS] vp8/encoder/x86/quantize_mmx.asm.o
    [AS] vp8/encoder/x86/encodeopt.asm.o
    [AS] vp9/encoder/x86/vp9_temporal_filter_apply_sse2.asm.o
    [AS] vp9/encoder/x86/vp9_dct_sse2.asm.o
    [AS] vp9/encoder/x86/vp9_error_sse2.asm.o
    [CREATE] vpx.pc
    [AR] libvpx_g.a
    [STRIP] libvpx.a < libvpx_g.a
    [DEP] tools/tiny_ssim.c.d
    [CC] tools/tiny_ssim.c.o
    [LD] tools/tiny_ssim
/opt/Android/android-ndk-r13b/toolchains/x86-4.9/prebuilt/linux-x86_64/bin/../lib/gcc/i686-linux-android/4.9.x/../../../../i686-linux-android/bin/ld: error: cannot find -lm
tools/tiny_ssim.c.o:tiny_ssim.c:function vp9_mse2psnr: error: undefined reference to 'log10'
tools/tiny_ssim.c.o:tiny_ssim.c:function main: error: undefined reference to '__sF'
tools/tiny_ssim.c.o:tiny_ssim.c:function main: error: undefined reference to '__sF'
tools/tiny_ssim.c.o:tiny_ssim.c:function main: error: undefined reference to 'sscanf'
tools/tiny_ssim.c.o:tiny_ssim.c:function main: error: undefined reference to '__sF'
tools/tiny_ssim.c.o:tiny_ssim.c:function main: error: undefined reference to 'fprintf'
tools/tiny_ssim.c.o:tiny_ssim.c:function main: error: undefined reference to 'sscanf'
tools/tiny_ssim.c.o:tiny_ssim.c:function main: error: undefined reference to 'fopen'
tools/tiny_ssim.c.o:tiny_ssim.c:function main: error: undefined reference to 'fopen'
tools/tiny_ssim.c.o:tiny_ssim.c:function main: error: undefined reference to '__sF'
tools/tiny_ssim.c.o:tiny_ssim.c:function main: error: undefined reference to 'fprintf'
tools/tiny_ssim.c.o:tiny_ssim.c:function main: error: undefined reference to 'malloc'
tools/tiny_ssim.c.o:tiny_ssim.c:function main: error: undefined reference to 'malloc'
tools/tiny_ssim.c.o:tiny_ssim.c:function main: error: undefined reference to 'fread'
tools/tiny_ssim.c.o:tiny_ssim.c:function main: error: undefined reference to 'fread'
tools/tiny_ssim.c.o:tiny_ssim.c:function main: error: undefined reference to 'free'
tools/tiny_ssim.c.o:tiny_ssim.c:function main: error: undefined reference to 'free'
tools/tiny_ssim.c.o:tiny_ssim.c:function main: error: undefined reference to 'printf'
tools/tiny_ssim.c.o:tiny_ssim.c:function main: error: undefined reference to 'printf'
tools/tiny_ssim.c.o:tiny_ssim.c:function main: error: undefined reference to 'pow'
tools/tiny_ssim.c.o:tiny_ssim.c:function main: error: undefined reference to 'printf'
tools/tiny_ssim.c.o:tiny_ssim.c:function main: error: undefined reference to 'printf'
tools/tiny_ssim.c.o:tiny_ssim.c:function main: error: undefined reference to 'strcmp'
tools/tiny_ssim.c.o:tiny_ssim.c:function main: error: undefined reference to 'strcmp'
tools/tiny_ssim.c.o:tiny_ssim.c:function main: error: undefined reference to 'fclose'
tools/tiny_ssim.c.o:tiny_ssim.c:function main: error: undefined reference to 'fread'
tools/tiny_ssim.c.o:tiny_ssim.c:function main: error: undefined reference to '__errno'
tools/tiny_ssim.c.o:tiny_ssim.c:function main: error: undefined reference to 'strerror'
tools/tiny_ssim.c.o:tiny_ssim.c:function main: error: undefined reference to '__errno'
tools/tiny_ssim.c.o:tiny_ssim.c:function main: error: undefined reference to 'strerror'
tools/tiny_ssim.c.o:tiny_ssim.c:function main: error: undefined reference to 'fprintf'
tools/tiny_ssim.c.o:tiny_ssim.c:function main: error: undefined reference to 'fclose'
collect2: error: ld returned 1 exit status
/var/lib/jenkins/workspace/Presets-Android/javacpp-presets/ffmpeg/cppbuild/android-x86/libvpx-v1.6.1/tools.mk:44: recipe for target 'tools/tiny_ssim' failed
make[1]: *** [tools/tiny_ssim] Error 1
Makefile:17: recipe for target '.DEFAULT' failed
make: *** [.DEFAULT] Error 2
[ERROR] Command execution failed.
org.apache.commons.exec.ExecuteException: Process exited with an error: 2 (Exit value: 2)
	at org.apache.commons.exec.DefaultExecutor.executeInternal(DefaultExecutor.java:404)
	at org.apache.commons.exec.DefaultExecutor.execute(DefaultExecutor.java:166)
	at org.codehaus.mojo.exec.ExecMojo.executeCommandLine(ExecMojo.java:764)
	at org.codehaus.mojo.exec.ExecMojo.executeCommandLine(ExecMojo.java:711)
	at org.codehaus.mojo.exec.ExecMojo.execute(ExecMojo.java:289)
	at org.apache.maven.plugin.DefaultBuildPluginManager.executeMojo(DefaultBuildPluginManager.java:134)
	at org.apache.maven.lifecycle.internal.MojoExecutor.execute(MojoExecutor.java:207)
	at org.apache.maven.lifecycle.internal.MojoExecutor.execute(MojoExecutor.java:153)
	at org.apache.maven.lifecycle.internal.MojoExecutor.execute(MojoExecutor.java:145)
	at org.apache.maven.lifecycle.internal.LifecycleModuleBuilder.buildProject(LifecycleModuleBuilder.java:116)
	at org.apache.maven.lifecycle.internal.LifecycleModuleBuilder.buildProject(LifecycleModuleBuilder.java:80)
	at org.apache.maven.lifecycle.internal.builder.singlethreaded.SingleThreadedBuilder.build(SingleThreadedBuilder.java:51)
	at org.apache.maven.lifecycle.internal.LifecycleStarter.execute(LifecycleStarter.java:128)
	at org.apache.maven.DefaultMaven.doExecute(DefaultMaven.java:307)
	at org.apache.maven.DefaultMaven.doExecute(DefaultMaven.java:193)
	at org.apache.maven.DefaultMaven.execute(DefaultMaven.java:106)
	at org.apache.maven.cli.MavenCli.execute(MavenCli.java:863)
	at org.apache.maven.cli.MavenCli.doMain(MavenCli.java:288)
	at org.apache.maven.cli.MavenCli.main(MavenCli.java:199)
	at sun.reflect.NativeMethodAccessorImpl.invoke0(Native Method)
	at sun.reflect.NativeMethodAccessorImpl.invoke(NativeMethodAccessorImpl.java:62)
	at sun.reflect.DelegatingMethodAccessorImpl.invoke(DelegatingMethodAccessorImpl.java:43)
	at java.lang.reflect.Method.invoke(Method.java:498)
	at org.codehaus.plexus.classworlds.launcher.Launcher.launchEnhanced(Launcher.java:289)
	at org.codehaus.plexus.classworlds.launcher.Launcher.launch(Launcher.java:229)
	at org.codehaus.plexus.classworlds.launcher.Launcher.mainWithExitCode(Launcher.java:415)
	at org.codehaus.plexus.classworlds.launcher.Launcher.main(Launcher.java:356)
[INFO] ------------------------------------------------------------------------
[INFO] Reactor Summary:
[INFO] 
[INFO] JavaCPP Presets .................................... SUCCESS [  1.176 s]
[INFO] JavaCPP Presets for OpenCV ......................... SUCCESS [14:45 min]
[INFO] JavaCPP Presets for FFmpeg ......................... FAILURE [05:03 min]
[INFO] JavaCPP Presets for FlyCapture ..................... SKIPPED
[INFO] JavaCPP Presets for libdc1394 ...................... SKIPPED
[INFO] JavaCPP Presets for libfreenect .................... SKIPPED
[INFO] JavaCPP Presets for libfreenect2 ................... SKIPPED
[INFO] JavaCPP Presets for librealsense ................... SKIPPED
[INFO] JavaCPP Presets for videoInput ..................... SKIPPED
[INFO] JavaCPP Presets for ARToolKitPlus .................. SKIPPED
[INFO] JavaCPP Presets for Chilitags ...................... SKIPPED
[INFO] JavaCPP Presets for flandmark ...................... SKIPPED
[INFO] JavaCPP Presets for HDF5 ........................... SKIPPED
[INFO] JavaCPP Presets for OpenBLAS ....................... SKIPPED
[INFO] JavaCPP Presets for FFTW ........................... SKIPPED
[INFO] JavaCPP Presets for GSL ............................ SKIPPED
[INFO] JavaCPP Presets for LLVM ........................... SKIPPED
[INFO] JavaCPP Presets for Leptonica ...................... SKIPPED
[INFO] JavaCPP Presets for Tesseract ...................... SKIPPED
[INFO] JavaCPP Presets for Caffe .......................... SKIPPED
[INFO] JavaCPP Presets for CUDA ........................... SKIPPED
[INFO] JavaCPP Presets for MXNet .......................... SKIPPED
[INFO] JavaCPP Presets for TensorFlow ..................... SKIPPED
[INFO] ------------------------------------------------------------------------
[INFO] BUILD FAILURE
[INFO] ------------------------------------------------------------------------
[INFO] Total time: 19:52 min
[INFO] Finished at: 2017-02-04T15:55:32+00:00
[INFO] Final Memory: 35M/433M
[INFO] ------------------------------------------------------------------------
[ERROR] Failed to execute goal org.codehaus.mojo:exec-maven-plugin:1.5.0:exec (javacpp.cppbuild.install) on project ffmpeg: Command execution failed. Process exited with an error: 2 (Exit value: 2) -> [Help 1]
[ERROR] 
[ERROR] To see the full stack trace of the errors, re-run Maven with the -e switch.
[ERROR] Re-run Maven using the -X switch to enable full debug logging.
[ERROR] 
[ERROR] For more information about the errors and possible solutions, please read the following articles:
[ERROR] [Help 1] http://cwiki.apache.org/confluence/display/MAVEN/MojoExecutionException
[ERROR] 
[ERROR] After correcting the problems, you can resume the build with the command
[ERROR]   mvn <goals> -rf :ffmpeg
Build step 'Execute shell' marked build as failure
