  (90.0, 96.0, 102.0), (108.0, 114.0, 120.0), (126.0, 132.0, 138.0), (144.0, 150.0, 156.0), (162.0, 168.0, 174.0)
  (180.0, 186.0, 192.0), (198.0, 204.0, 210.0), (216.0, 222.0, 228.0), (234.0, 240.0, 246.0), (252.0, 258.0, 264.0)
  (270.0, 276.0, 282.0), (288.0, 294.0, 300.0), (306.0, 312.0, 318.0), (324.0, 330.0, 336.0), (342.0, 348.0, 354.0)
  (360.0, 366.0, 372.0), (378.0, 384.0, 390.0), (396.0, 402.0, 408.0), (414.0, 420.0, 426.0), (432.0, 438.0, 444.0)
  (450.0, 456.0, 462.0), (468.0, 474.0, 480.0), (486.0, 492.0, 498.0), (504.0, 510.0, 516.0), (522.0, 528.0, 534.0)
  (540.0, 546.0, 552.0), (558.0, 564.0, 570.0), (576.0, 582.0, 588.0), (594.0, 600.0, 606.0), (612.0, 618.0, 624.0) ]
java.lang.OutOfMemoryError: Cannot allocate new ShortPointer(2147491840): totalBytes = -281474010343018, physicalBytes = 28M

DoubleIndexer
arrayIndexer
[ (0.0, 4.0, 8.0), (12.0, 16.0, 20.0), (24.0, 28.0, 32.0), (36.0, 40.0, 44.0), (48.0, 52.0, 56.0)
  (60.0, 64.0, 68.0), (72.0, 76.0, 80.0), (84.0, 88.0, 92.0), (96.0, 100.0, 104.0), (108.0, 112.0, 116.0)
  (120.0, 124.0, 128.0), (132.0, 136.0, 140.0), (144.0, 148.0, 152.0), (156.0, 160.0, 164.0), (168.0, 172.0, 176.0)
  (180.0, 184.0, 188.0), (192.0, 196.0, 200.0), (204.0, 208.0, 212.0), (216.0, 220.0, 224.0), (228.0, 232.0, 236.0)
  (240.0, 244.0, 248.0), (252.0, 256.0, 260.0), (264.0, 268.0, 272.0), (276.0, 280.0, 284.0), (288.0, 292.0, 296.0)
  (300.0, 304.0, 308.0), (312.0, 316.0, 320.0), (324.0, 328.0, 332.0), (336.0, 340.0, 344.0), (348.0, 352.0, 356.0)
  (360.0, 364.0, 368.0), (372.0, 376.0, 380.0), (384.0, 388.0, 392.0), (396.0, 400.0, 404.0), (408.0, 412.0, 416.0) ]
directIndexer
[ (0.0, 6.0, 12.0), (18.0, 24.0, 30.0), (36.0, 42.0, 48.0), (54.0, 60.0, 66.0), (72.0, 78.0, 84.0)
  (90.0, 96.0, 102.0), (108.0, 114.0, 120.0), (126.0, 132.0, 138.0), (144.0, 150.0, 156.0), (162.0, 168.0, 174.0)
  (180.0, 186.0, 192.0), (198.0, 204.0, 210.0), (216.0, 222.0, 228.0), (234.0, 240.0, 246.0), (252.0, 258.0, 264.0)
  (270.0, 276.0, 282.0), (288.0, 294.0, 300.0), (306.0, 312.0, 318.0), (324.0, 330.0, 336.0), (342.0, 348.0, 354.0)
  (360.0, 366.0, 372.0), (378.0, 384.0, 390.0), (396.0, 402.0, 408.0), (414.0, 420.0, 426.0), (432.0, 438.0, 444.0)
  (450.0, 456.0, 462.0), (468.0, 474.0, 480.0), (486.0, 492.0, 498.0), (504.0, 510.0, 516.0), (522.0, 528.0, 534.0)
  (540.0, 546.0, 552.0), (558.0, 564.0, 570.0), (576.0, 582.0, 588.0), (594.0, 600.0, 606.0), (612.0, 618.0, 624.0) ]
java.lang.OutOfMemoryError: Cannot allocate new DoublePointer(2147491840): totalBytes = -281474010341338, physicalBytes = 28M

LongIndexer
arrayIndexer
[ (0.0, 4.0, 8.0), (12.0, 16.0, 20.0), (24.0, 28.0, 32.0), (36.0, 40.0, 44.0), (48.0, 52.0, 56.0)
  (60.0, 64.0, 68.0), (72.0, 76.0, 80.0), (84.0, 88.0, 92.0), (96.0, 100.0, 104.0), (108.0, 112.0, 116.0)
  (120.0, 124.0, 128.0), (132.0, 136.0, 140.0), (144.0, 148.0, 152.0), (156.0, 160.0, 164.0), (168.0, 172.0, 176.0)
  (180.0, 184.0, 188.0), (192.0, 196.0, 200.0), (204.0, 208.0, 212.0), (216.0, 220.0, 224.0), (228.0, 232.0, 236.0)
  (240.0, 244.0, 248.0), (252.0, 256.0, 260.0), (264.0, 268.0, 272.0), (276.0, 280.0, 284.0), (288.0, 292.0, 296.0)
  (300.0, 304.0, 308.0), (312.0, 316.0, 320.0), (324.0, 328.0, 332.0), (336.0, 340.0, 344.0), (348.0, 352.0, 356.0)
  (360.0, 364.0, 368.0), (372.0, 376.0, 380.0), (384.0, 388.0, 392.0), (396.0, 400.0, 404.0), (408.0, 412.0, 416.0) ]
directIndexer
[ (0.0, 6.0, 12.0), (18.0, 24.0, 30.0), (36.0, 42.0, 48.0), (54.0, 60.0, 66.0), (72.0, 78.0, 84.0)
  (90.0, 96.0, 102.0), (108.0, 114.0, 120.0), (126.0, 132.0, 138.0), (144.0, 150.0, 156.0), (162.0, 168.0, 174.0)
  (180.0, 186.0, 192.0), (198.0, 204.0, 210.0), (216.0, 222.0, 228.0), (234.0, 240.0, 246.0), (252.0, 258.0, 264.0)
  (270.0, 276.0, 282.0), (288.0, 294.0, 300.0), (306.0, 312.0, 318.0), (324.0, 330.0, 336.0), (342.0, 348.0, 354.0)
  (360.0, 366.0, 372.0), (378.0, 384.0, 390.0), (396.0, 402.0, 408.0), (414.0, 420.0, 426.0), (432.0, 438.0, 444.0)
  (450.0, 456.0, 462.0), (468.0, 474.0, 480.0), (486.0, 492.0, 498.0), (504.0, 510.0, 516.0), (522.0, 528.0, 534.0)
  (540.0, 546.0, 552.0), (558.0, 564.0, 570.0), (576.0, 582.0, 588.0), (594.0, 600.0, 606.0), (612.0, 618.0, 624.0) ]
java.lang.OutOfMemoryError: Cannot allocate new LongPointer(2147491840): totalBytes = -281474010339658, physicalBytes = 28M

CharIndexer
arrayIndexer
[ (0.0, 4.0, 8.0), (12.0, 16.0, 20.0), (24.0, 28.0, 32.0), (36.0, 40.0, 44.0), (48.0, 52.0, 56.0)
  (60.0, 64.0, 68.0), (72.0, 76.0, 80.0), (84.0, 88.0, 92.0), (96.0, 100.0, 104.0), (108.0, 112.0, 116.0)
  (120.0, 124.0, 128.0), (132.0, 136.0, 140.0), (144.0, 148.0, 152.0), (156.0, 160.0, 164.0), (168.0, 172.0, 176.0)
  (180.0, 184.0, 188.0), (192.0, 196.0, 200.0), (204.0, 208.0, 212.0), (216.0, 220.0, 224.0), (228.0, 232.0, 236.0)
  (240.0, 244.0, 248.0), (252.0, 256.0, 260.0), (264.0, 268.0, 272.0), (276.0, 280.0, 284.0), (288.0, 292.0, 296.0)
  (300.0, 304.0, 308.0), (312.0, 316.0, 320.0), (324.0, 328.0, 332.0), (336.0, 340.0, 344.0), (348.0, 352.0, 356.0)
  (360.0, 364.0, 368.0), (372.0, 376.0, 380.0), (384.0, 388.0, 392.0), (396.0, 400.0, 404.0), (408.0, 412.0, 416.0) ]
directIndexer
[ (0.0, 6.0, 12.0), (18.0, 24.0, 30.0), (36.0, 42.0, 48.0), (54.0, 60.0, 66.0), (72.0, 78.0, 84.0)
  (90.0, 96.0, 102.0), (108.0, 114.0, 120.0), (126.0, 132.0, 138.0), (144.0, 150.0, 156.0), (162.0, 168.0, 174.0)
  (180.0, 186.0, 192.0), (198.0, 204.0, 210.0), (216.0, 222.0, 228.0), (234.0, 240.0, 246.0), (252.0, 258.0, 264.0)
  (270.0, 276.0, 282.0), (288.0, 294.0, 300.0), (306.0, 312.0, 318.0), (324.0, 330.0, 336.0), (342.0, 348.0, 354.0)
  (360.0, 366.0, 372.0), (378.0, 384.0, 390.0), (396.0, 402.0, 408.0), (414.0, 420.0, 426.0), (432.0, 438.0, 444.0)
  (450.0, 456.0, 462.0), (468.0, 474.0, 480.0), (486.0, 492.0, 498.0), (504.0, 510.0, 516.0), (522.0, 528.0, 534.0)
  (540.0, 546.0, 552.0), (558.0, 564.0, 570.0), (576.0, 582.0, 588.0), (594.0, 600.0, 606.0), (612.0, 618.0, 624.0) ]
java.lang.OutOfMemoryError: Cannot allocate new CharPointer(2147491840): totalBytes = -281474010342598, physicalBytes = 28M

ShortIndexer
arrayIndexer
[ (0.0, 4.0, 8.0), (12.0, 16.0, 20.0), (24.0, 28.0, 32.0), (36.0, 40.0, 44.0), (48.0, 52.0, 56.0)
  (60.0, 64.0, 68.0), (72.0, 76.0, 80.0), (84.0, 88.0, 92.0), (96.0, 100.0, 104.0), (108.0, 112.0, 116.0)
  (120.0, 124.0, 128.0), (132.0, 136.0, 140.0), (144.0, 148.0, 152.0), (156.0, 160.0, 164.0), (168.0, 172.0, 176.0)
  (180.0, 184.0, 188.0), (192.0, 196.0, 200.0), (204.0, 208.0, 212.0), (216.0, 220.0, 224.0), (228.0, 232.0, 236.0)
  (240.0, 244.0, 248.0), (252.0, 256.0, 260.0), (264.0, 268.0, 272.0), (276.0, 280.0, 284.0), (288.0, 292.0, 296.0)
  (300.0, 304.0, 308.0), (312.0, 316.0, 320.0), (324.0, 328.0, 332.0), (336.0, 340.0, 344.0), (348.0, 352.0, 356.0)
  (360.0, 364.0, 368.0), (372.0, 376.0, 380.0), (384.0, 388.0, 392.0), (396.0, 400.0, 404.0), (408.0, 412.0, 416.0) ]
directIndexer
[ (0.0, 6.0, 12.0), (18.0, 24.0, 30.0), (36.0, 42.0, 48.0), (54.0, 60.0, 66.0), (72.0, 78.0, 84.0)
  (90.0, 96.0, 102.0), (108.0, 114.0, 120.0), (126.0, 132.0, 138.0), (144.0, 150.0, 156.0), (162.0, 168.0, 174.0)
  (180.0, 186.0, 192.0), (198.0, 204.0, 210.0), (216.0, 222.0, 228.0), (234.0, 240.0, 246.0), (252.0, 258.0, 264.0)
  (270.0, 276.0, 282.0), (288.0, 294.0, 300.0), (306.0, 312.0, 318.0), (324.0, 330.0, 336.0), (342.0, 348.0, 354.0)
  (360.0, 366.0, 372.0), (378.0, 384.0, 390.0), (396.0, 402.0, 408.0), (414.0, 420.0, 426.0), (432.0, 438.0, 444.0)
  (450.0, 456.0, 462.0), (468.0, 474.0, 480.0), (486.0, 492.0, 498.0), (504.0, 510.0, 516.0), (522.0, 528.0, 534.0)
  (540.0, 546.0, 552.0), (558.0, 564.0, 570.0), (576.0, 582.0, 588.0), (594.0, 600.0, 606.0), (612.0, 618.0, 624.0) ]
java.lang.OutOfMemoryError: Cannot allocate new ShortPointer(2147491840): totalBytes = -281474010342598, physicalBytes = 28M

FloatIndexer
arrayIndexer
[ (0.0, 4.0, 8.0), (12.0, 16.0, 20.0), (24.0, 28.0, 32.0), (36.0, 40.0, 44.0), (48.0, 52.0, 56.0)
  (60.0, 64.0, 68.0), (72.0, 76.0, 80.0), (84.0, 88.0, 92.0), (96.0, 100.0, 104.0), (108.0, 112.0, 116.0)
  (120.0, 124.0, 128.0), (132.0, 136.0, 140.0), (144.0, 148.0, 152.0), (156.0, 160.0, 164.0), (168.0, 172.0, 176.0)
  (180.0, 184.0, 188.0), (192.0, 196.0, 200.0), (204.0, 208.0, 212.0), (216.0, 220.0, 224.0), (228.0, 232.0, 236.0)
  (240.0, 244.0, 248.0), (252.0, 256.0, 260.0), (264.0, 268.0, 272.0), (276.0, 280.0, 284.0), (288.0, 292.0, 296.0)
  (300.0, 304.0, 308.0), (312.0, 316.0, 320.0), (324.0, 328.0, 332.0), (336.0, 340.0, 344.0), (348.0, 352.0, 356.0)
  (360.0, 364.0, 368.0), (372.0, 376.0, 380.0), (384.0, 388.0, 392.0), (396.0, 400.0, 404.0), (408.0, 412.0, 416.0) ]
directIndexer
[ (0.0, 6.0, 12.0), (18.0, 24.0, 30.0), (36.0, 42.0, 48.0), (54.0, 60.0, 66.0), (72.0, 78.0, 84.0)
  (90.0, 96.0, 102.0), (108.0, 114.0, 120.0), (126.0, 132.0, 138.0), (144.0, 150.0, 156.0), (162.0, 168.0, 174.0)
  (180.0, 186.0, 192.0), (198.0, 204.0, 210.0), (216.0, 222.0, 228.0), (234.0, 240.0, 246.0), (252.0, 258.0, 264.0)
  (270.0, 276.0, 282.0), (288.0, 294.0, 300.0), (306.0, 312.0, 318.0), (324.0, 330.0, 336.0), (342.0, 348.0, 354.0)
  (360.0, 366.0, 372.0), (378.0, 384.0, 390.0), (396.0, 402.0, 408.0), (414.0, 420.0, 426.0), (432.0, 438.0, 444.0)
  (450.0, 456.0, 462.0), (468.0, 474.0, 480.0), (486.0, 492.0, 498.0), (504.0, 510.0, 516.0), (522.0, 528.0, 534.0)
  (540.0, 546.0, 552.0), (558.0, 564.0, 570.0), (576.0, 582.0, 588.0), (594.0, 600.0, 606.0), (612.0, 618.0, 624.0) ]
java.lang.OutOfMemoryError: Cannot allocate new FloatPointer(2147491840): totalBytes = -281474010342178, physicalBytes = 28M

UShortIndexer
arrayIndexer
[ (0.0, 4.0, 8.0), (12.0, 16.0, 20.0), (24.0, 28.0, 32.0), (36.0, 40.0, 44.0), (48.0, 52.0, 56.0)
  (60.0, 64.0, 68.0), (72.0, 76.0, 80.0), (84.0, 88.0, 92.0), (96.0, 100.0, 104.0), (108.0, 112.0, 116.0)
  (120.0, 124.0, 128.0), (132.0, 136.0, 140.0), (144.0, 148.0, 152.0), (156.0, 160.0, 164.0), (168.0, 172.0, 176.0)
  (180.0, 184.0, 188.0), (192.0, 196.0, 200.0), (204.0, 208.0, 212.0), (216.0, 220.0, 224.0), (228.0, 232.0, 236.0)
  (240.0, 244.0, 248.0), (252.0, 256.0, 260.0), (264.0, 268.0, 272.0), (276.0, 280.0, 284.0), (288.0, 292.0, 296.0)
  (300.0, 304.0, 308.0), (312.0, 316.0, 320.0), (324.0, 328.0, 332.0), (336.0, 340.0, 344.0), (348.0, 352.0, 356.0)
  (360.0, 364.0, 368.0), (372.0, 376.0, 380.0), (384.0, 388.0, 392.0), (396.0, 400.0, 404.0), (408.0, 412.0, 416.0) ]
directIndexer
[ (0.0, 6.0, 12.0), (18.0, 24.0, 30.0), (36.0, 42.0, 48.0), (54.0, 60.0, 66.0), (72.0, 78.0, 84.0)
  (90.0, 96.0, 102.0), (108.0, 114.0, 120.0), (126.0, 132.0, 138.0), (144.0, 150.0, 156.0), (162.0, 168.0, 174.0)
  (180.0, 186.0, 192.0), (198.0, 204.0, 210.0), (216.0, 222.0, 228.0), (234.0, 240.0, 246.0), (252.0, 258.0, 264.0)
  (270.0, 276.0, 282.0), (288.0, 294.0, 300.0), (306.0, 312.0, 318.0), (324.0, 330.0, 336.0), (342.0, 348.0, 354.0)
  (360.0, 366.0, 372.0), (378.0, 384.0, 390.0), (396.0, 402.0, 408.0), (414.0, 420.0, 426.0), (432.0, 438.0, 444.0)
  (450.0, 456.0, 462.0), (468.0, 474.0, 480.0), (486.0, 492.0, 498.0), (504.0, 510.0, 516.0), (522.0, 528.0, 534.0)
  (540.0, 546.0, 552.0), (558.0, 564.0, 570.0), (576.0, 582.0, 588.0), (594.0, 600.0, 606.0), (612.0, 618.0, 624.0) ]
java.lang.OutOfMemoryError: Cannot allocate new ShortPointer(2147491840): totalBytes = -281474010342598, physicalBytes = 29M

ByteIndexer
arrayIndexer
[ (1.0, 3.0, 5.0), (7.0, 9.0, 11.0), (13.0, 15.0, 17.0), (19.0, 21.0, 23.0), (25.0, 27.0, 29.0)
  (31.0, 33.0, 35.0), (37.0, 39.0, 41.0), (43.0, 45.0, 47.0), (49.0, 51.0, 53.0), (55.0, 57.0, 59.0)
  (61.0, 63.0, 65.0), (67.0, 69.0, 71.0), (73.0, 75.0, 77.0), (79.0, 81.0, 83.0), (85.0, 87.0, 89.0)
  (91.0, 93.0, 95.0), (97.0, 99.0, 101.0), (103.0, 105.0, 107.0), (109.0, 111.0, 113.0), (115.0, 117.0, 119.0)
  (121.0, 123.0, 125.0), (127.0, -127.0, -125.0), (-123.0, -121.0, -119.0), (-117.0, -115.0, -113.0), (-111.0, -109.0, -107.0)
  (-105.0, -103.0, -101.0), (-99.0, -97.0, -95.0), (-93.0, -91.0, -89.0), (-87.0, -85.0, -83.0), (-81.0, -79.0, -77.0)
  (-75.0, -73.0, -71.0), (-69.0, -67.0, -65.0), (-63.0, -61.0, -59.0), (-57.0, -55.0, -53.0), (-51.0, -49.0, -47.0) ]
directIndexer
[ (2.0, 4.0, 6.0), (8.0, 10.0, 12.0), (14.0, 16.0, 18.0), (20.0, 22.0, 24.0), (26.0, 28.0, 30.0)
  (32.0, 34.0, 36.0), (38.0, 40.0, 42.0), (44.0, 46.0, 48.0), (50.0, 52.0, 54.0), (56.0, 58.0, 60.0)
  (62.0, 64.0, 66.0), (68.0, 70.0, 72.0), (74.0, 76.0, 78.0), (80.0, 82.0, 84.0), (86.0, 88.0, 90.0)
  (92.0, 94.0, 96.0), (98.0, 100.0, 102.0), (104.0, 106.0, 108.0), (110.0, 112.0, 114.0), (116.0, 118.0, 120.0)
  (122.0, 124.0, 126.0), (-128.0, -126.0, -124.0), (-122.0, -120.0, -118.0), (-116.0, -114.0, -112.0), (-110.0, -108.0, -106.0)
  (-104.0, -102.0, -100.0), (-98.0, -96.0, -94.0), (-92.0, -90.0, -88.0), (-86.0, -84.0, -82.0), (-80.0, -78.0, -76.0)
  (-74.0, -72.0, -70.0), (-68.0, -66.0, -64.0), (-62.0, -60.0, -58.0), (-56.0, -54.0, -52.0), (-50.0, -48.0, -46.0) ]
java.lang.OutOfMemoryError: Cannot allocate new BytePointer(2147491840): totalBytes = -281474010342808, physicalBytes = 29M

Tests run: 10, Failures: 0, Errors: 0, Skipped: 0, Time elapsed: 4.411 sec - in org.bytedeco.javacpp.IndexerTest

Results :

Failed tests: 
  PointerTest.testShortPointer:240 OutOfMemoryError should have been thrown.

Tests run: 26, Failures: 1, Errors: 0, Skipped: 0

[INFO] ------------------------------------------------------------------------
[INFO] BUILD FAILURE
[INFO] ------------------------------------------------------------------------
[INFO] Total time: 1:02.662s
[INFO] Finished at: Tue Feb 07 15:40:42 GMT 2017
[INFO] Final Memory: 20M/64M
[INFO] ------------------------------------------------------------------------
[ERROR] Failed to execute goal org.apache.maven.plugins:maven-surefire-plugin:2.19.1:test (default-test) on project javacpp: There are test failures.
[ERROR] 
[ERROR] Please refer to /home/pi/jenkins/workspace/Presets-LinuxArmhf/javacpp/target/surefire-reports for the individual test results.
[ERROR] -> [Help 1]
org.apache.maven.lifecycle.LifecycleExecutionException: Failed to execute goal org.apache.maven.plugins:maven-surefire-plugin:2.19.1:test (default-test) on project javacpp: There are test failures.

Please refer to /home/pi/jenkins/workspace/Presets-LinuxArmhf/javacpp/target/surefire-reports for the individual test results.
	at org.apache.maven.lifecycle.internal.MojoExecutor.execute(MojoExecutor.java:213)
	at org.apache.maven.lifecycle.internal.MojoExecutor.execute(MojoExecutor.java:153)
	at org.apache.maven.lifecycle.internal.MojoExecutor.execute(MojoExecutor.java:145)
	at org.apache.maven.lifecycle.internal.LifecycleModuleBuilder.buildProject(LifecycleModuleBuilder.java:84)
	at org.apache.maven.lifecycle.internal.LifecycleModuleBuilder.buildProject(LifecycleModuleBuilder.java:59)
	at org.apache.maven.lifecycle.internal.LifecycleStarter.singleThreadedBuild(LifecycleStarter.java:183)
	at org.apache.maven.lifecycle.internal.LifecycleStarter.execute(LifecycleStarter.java:161)
	at org.apache.maven.DefaultMaven.doExecute(DefaultMaven.java:320)
	at org.apache.maven.DefaultMaven.execute(DefaultMaven.java:156)
	at org.apache.maven.cli.MavenCli.execute(MavenCli.java:537)
	at org.apache.maven.cli.MavenCli.doMain(MavenCli.java:196)
	at org.apache.maven.cli.MavenCli.main(MavenCli.java:141)
	at sun.reflect.NativeMethodAccessorImpl.invoke0(Native Method)
	at sun.reflect.NativeMethodAccessorImpl.invoke(NativeMethodAccessorImpl.java:62)
	at sun.reflect.DelegatingMethodAccessorImpl.invoke(DelegatingMethodAccessorImpl.java:43)
	at java.lang.reflect.Method.invoke(Method.java:497)
	at org.codehaus.plexus.classworlds.launcher.Launcher.launchEnhanced(Launcher.java:289)
	at org.codehaus.plexus.classworlds.launcher.Launcher.launch(Launcher.java:229)
	at org.codehaus.plexus.classworlds.launcher.Launcher.mainWithExitCode(Launcher.java:415)
	at org.codehaus.plexus.classworlds.launcher.Launcher.main(Launcher.java:356)
Caused by: org.apache.maven.plugin.MojoFailureException: There are test failures.

Please refer to /home/pi/jenkins/workspace/Presets-LinuxArmhf/javacpp/target/surefire-reports for the individual test results.
	at org.apache.maven.plugin.surefire.SurefireHelper.reportExecution(SurefireHelper.java:91)
	at org.apache.maven.plugin.surefire.SurefirePlugin.handleSummary(SurefirePlugin.java:320)
	at org.apache.maven.plugin.surefire.AbstractSurefireMojo.executeAfterPreconditionsChecked(AbstractSurefireMojo.java:892)
	at org.apache.maven.plugin.surefire.AbstractSurefireMojo.execute(AbstractSurefireMojo.java:755)
	at org.apache.maven.plugin.DefaultBuildPluginManager.executeMojo(DefaultBuildPluginManager.java:101)
	at org.apache.maven.lifecycle.internal.MojoExecutor.execute(MojoExecutor.java:209)
	... 19 more
[ERROR] 
[ERROR] Re-run Maven using the -X switch to enable full debug logging.
[ERROR] 
[ERROR] For more information about the errors and possible solutions, please read the following articles:
[ERROR] [Help 1] http://cwiki.apache.org/confluence/display/MAVEN/MojoFailureException
Build step 'Execute shell' marked build as failure
