x libjpeg-turbo-1.5.1/cderror.h
x libjpeg-turbo-1.5.1/testimages/
x libjpeg-turbo-1.5.1/testimages/testimgari.jpg
x libjpeg-turbo-1.5.1/testimages/nightshot_iso_100.txt
x libjpeg-turbo-1.5.1/testimages/vgl_6548_0026a.bmp
x libjpeg-turbo-1.5.1/testimages/testorig.ppm
x libjpeg-turbo-1.5.1/testimages/nightshot_iso_100.bmp
x libjpeg-turbo-1.5.1/testimages/testimgint.jpg
x libjpeg-turbo-1.5.1/testimages/testorig12.jpg
x libjpeg-turbo-1.5.1/testimages/vgl_6434_0018a.bmp
x libjpeg-turbo-1.5.1/testimages/testorig.jpg
x libjpeg-turbo-1.5.1/testimages/vgl_5674_0098.bmp
x libjpeg-turbo-1.5.1/jsimd.h
x libjpeg-turbo-1.5.1/jdmerge.c
x libjpeg-turbo-1.5.1/jcstest.c
x libjpeg-turbo-1.5.1/tjexampletest.in
x libjpeg-turbo-1.5.1/coderules.txt
x libjpeg-turbo-1.5.1/tjbenchtest.in
x libjpeg-turbo-1.5.1/jdhuff.c
x libjpeg-turbo-1.5.1/turbojpeg.c
x libjpeg-turbo-1.5.1/Makefile.in
x libjpeg-turbo-1.5.1/jconfigint.h.in
x libjpeg-turbo-1.5.1/simd/
x libjpeg-turbo-1.5.1/simd/jfdctfst-altivec.c
x libjpeg-turbo-1.5.1/simd/jccolor-sse2.asm
x libjpeg-turbo-1.5.1/simd/jchuff-sse2.asm
x libjpeg-turbo-1.5.1/simd/jidctfst-altivec.c
x libjpeg-turbo-1.5.1/simd/jquanti-sse2-64.asm
x libjpeg-turbo-1.5.1/simd/jcgray-sse2-64.asm
x libjpeg-turbo-1.5.1/simd/jsimd_powerpc.c
x libjpeg-turbo-1.5.1/simd/jcsample-sse2-64.asm
x libjpeg-turbo-1.5.1/simd/jcgray-altivec.c
x libjpeg-turbo-1.5.1/simd/jidctint-mmx.asm
x libjpeg-turbo-1.5.1/simd/jidctflt-3dn.asm
x libjpeg-turbo-1.5.1/simd/jquant-sse.asm
x libjpeg-turbo-1.5.1/simd/jcgryext-sse2.asm
x libjpeg-turbo-1.5.1/simd/jfdctflt-sse.asm
x libjpeg-turbo-1.5.1/simd/jidctred-sse2.asm
x libjpeg-turbo-1.5.1/simd/jdcolor-mmx.asm
x libjpeg-turbo-1.5.1/simd/jdcolext-sse2.asm
x libjpeg-turbo-1.5.1/simd/jcgryext-mmx.asm
x libjpeg-turbo-1.5.1/simd/CMakeLists.txt
x libjpeg-turbo-1.5.1/simd/jdmrgext-sse2.asm
x libjpeg-turbo-1.5.1/simd/jfdctfst-sse2.asm
x libjpeg-turbo-1.5.1/simd/jcgray-mmx.asm
x libjpeg-turbo-1.5.1/simd/jdct.inc
x libjpeg-turbo-1.5.1/simd/jsimd_mips_dspr2.S
x libjpeg-turbo-1.5.1/simd/jdmrgext-mmx.asm
x libjpeg-turbo-1.5.1/simd/jidctint-sse2-64.asm
x libjpeg-turbo-1.5.1/simd/jdmerge-altivec.c
x libjpeg-turbo-1.5.1/simd/jdsample-mmx.asm
x libjpeg-turbo-1.5.1/simd/jidctred-mmx.asm
x libjpeg-turbo-1.5.1/simd/jcsample.h
x libjpeg-turbo-1.5.1/simd/jsimdext.inc
x libjpeg-turbo-1.5.1/simd/jdcolext-altivec.c
x libjpeg-turbo-1.5.1/simd/jccolext-sse2.asm
x libjpeg-turbo-1.5.1/simd/jcgryext-sse2-64.asm
x libjpeg-turbo-1.5.1/simd/jdcolext-mmx.asm
x libjpeg-turbo-1.5.1/simd/jidctfst-mmx.asm
x libjpeg-turbo-1.5.1/simd/jquanti-altivec.c
x libjpeg-turbo-1.5.1/simd/jcsample-altivec.c
x libjpeg-turbo-1.5.1/simd/jsimd_arm_neon.S
x libjpeg-turbo-1.5.1/simd/jfdctfst-mmx.asm
x libjpeg-turbo-1.5.1/simd/jquantf-sse2-64.asm
x libjpeg-turbo-1.5.1/simd/jquantf-sse2.asm
x libjpeg-turbo-1.5.1/simd/jdcolor-sse2-64.asm
x libjpeg-turbo-1.5.1/simd/jidctfst-sse2-64.asm
x libjpeg-turbo-1.5.1/simd/jdmerge-mmx.asm
x libjpeg-turbo-1.5.1/simd/jsimd_arm64_neon.S
x libjpeg-turbo-1.5.1/simd/jidctfst-sse2.asm
x libjpeg-turbo-1.5.1/simd/jdsample-sse2.asm
x libjpeg-turbo-1.5.1/simd/jccolext-sse2-64.asm
x libjpeg-turbo-1.5.1/simd/jidctflt-sse2.asm
x libjpeg-turbo-1.5.1/simd/jdcolor-sse2.asm
x libjpeg-turbo-1.5.1/simd/nasm_lt.sh
x libjpeg-turbo-1.5.1/simd/jchuff-sse2-64.asm
x libjpeg-turbo-1.5.1/simd/jdcolor-altivec.c
x libjpeg-turbo-1.5.1/simd/jsimdcfg.inc.h
x libjpeg-turbo-1.5.1/simd/jcolsamp.inc
x libjpeg-turbo-1.5.1/simd/jfdctflt-sse-64.asm
x libjpeg-turbo-1.5.1/simd/jccolext-altivec.c
x libjpeg-turbo-1.5.1/simd/jdsample-sse2-64.asm
x libjpeg-turbo-1.5.1/simd/jcgray-sse2.asm
x libjpeg-turbo-1.5.1/simd/jcsample-sse2.asm
x libjpeg-turbo-1.5.1/simd/jsimd_mips_dspr2_asm.h
x libjpeg-turbo-1.5.1/simd/jccolor-mmx.asm
x libjpeg-turbo-1.5.1/simd/jquant-3dn.asm
x libjpeg-turbo-1.5.1/simd/jdmrgext-sse2-64.asm
x libjpeg-turbo-1.5.1/simd/jfdctint-sse2-64.asm
x libjpeg-turbo-1.5.1/simd/jsimd_i386.c
x libjpeg-turbo-1.5.1/simd/jidctint-altivec.c
x libjpeg-turbo-1.5.1/simd/jidctflt-sse.asm
x libjpeg-turbo-1.5.1/simd/jfdctint-sse2.asm
x libjpeg-turbo-1.5.1/simd/jfdctint-altivec.c
x libjpeg-turbo-1.5.1/simd/jsimd_arm.c
x libjpeg-turbo-1.5.1/simd/jfdctint-mmx.asm
x libjpeg-turbo-1.5.1/simd/jsimd_arm64.c
x libjpeg-turbo-1.5.1/simd/jdmerge-sse2-64.asm
x libjpeg-turbo-1.5.1/simd/jdsample-altivec.c
x libjpeg-turbo-1.5.1/simd/jccolor-sse2-64.asm
x libjpeg-turbo-1.5.1/simd/Makefile.am
x libjpeg-turbo-1.5.1/simd/jfdctflt-3dn.asm
x libjpeg-turbo-1.5.1/simd/jidctint-sse2.asm
x libjpeg-turbo-1.5.1/simd/jdcolext-sse2-64.asm
x libjpeg-turbo-1.5.1/simd/jccolor-altivec.c
x libjpeg-turbo-1.5.1/simd/jfdctfst-sse2-64.asm
x libjpeg-turbo-1.5.1/simd/jquant-mmx.asm
x libjpeg-turbo-1.5.1/simd/jcgryext-altivec.c
x libjpeg-turbo-1.5.1/simd/jidctflt-sse2-64.asm
x libjpeg-turbo-1.5.1/simd/jquanti-sse2.asm
x libjpeg-turbo-1.5.1/simd/jdmerge-sse2.asm
x libjpeg-turbo-1.5.1/simd/jidctred-sse2-64.asm
x libjpeg-turbo-1.5.1/simd/jsimd.h
x libjpeg-turbo-1.5.1/simd/jcsample-mmx.asm
x libjpeg-turbo-1.5.1/simd/jsimd_x86_64.c
x libjpeg-turbo-1.5.1/simd/jdmrgext-altivec.c
x libjpeg-turbo-1.5.1/simd/Makefile.in
x libjpeg-turbo-1.5.1/simd/jsimd_altivec.h
x libjpeg-turbo-1.5.1/simd/jpeg_nbits_table.inc
x libjpeg-turbo-1.5.1/simd/jccolext-mmx.asm
x libjpeg-turbo-1.5.1/simd/jsimd_mips.c
x libjpeg-turbo-1.5.1/simd/jsimdcpu.asm
x libjpeg-turbo-1.5.1/jstdhuff.c
x libjpeg-turbo-1.5.1/jdhuff.h
x libjpeg-turbo-1.5.1/jdapistd.c
tar: Unrecognized archive format
tar: Error exit delayed from previous errors.
[ERROR] Command execution failed.
org.apache.commons.exec.ExecuteException: Process exited with an error: 1 (Exit value: 1)
	at org.apache.commons.exec.DefaultExecutor.executeInternal(DefaultExecutor.java:404)
	at org.apache.commons.exec.DefaultExecutor.execute(DefaultExecutor.java:166)
	at org.codehaus.mojo.exec.ExecMojo.executeCommandLine(ExecMojo.java:764)
	at org.codehaus.mojo.exec.ExecMojo.executeCommandLine(ExecMojo.java:711)
	at org.codehaus.mojo.exec.ExecMojo.execute(ExecMojo.java:289)
	at org.apache.maven.plugin.DefaultBuildPluginManager.executeMojo(DefaultBuildPluginManager.java:134)
	at org.apache.maven.lifecycle.internal.MojoExecutor.execute(MojoExecutor.java:207)
	at org.apache.maven.lifecycle.internal.MojoExecutor.execute(MojoExecutor.java:153)
	at org.apache.maven.lifecycle.internal.MojoExecutor.execute(MojoExecutor.java:145)
	at org.apache.maven.lifecycle.internal.LifecycleModuleBuilder.buildProject(LifecycleModuleBuilder.java:116)
	at org.apache.maven.lifecycle.internal.LifecycleModuleBuilder.buildProject(LifecycleModuleBuilder.java:80)
	at org.apache.maven.lifecycle.internal.builder.singlethreaded.SingleThreadedBuilder.build(SingleThreadedBuilder.java:51)
	at org.apache.maven.lifecycle.internal.LifecycleStarter.execute(LifecycleStarter.java:128)
	at org.apache.maven.DefaultMaven.doExecute(DefaultMaven.java:307)
	at org.apache.maven.DefaultMaven.doExecute(DefaultMaven.java:193)
	at org.apache.maven.DefaultMaven.execute(DefaultMaven.java:106)
	at org.apache.maven.cli.MavenCli.execute(MavenCli.java:863)
	at org.apache.maven.cli.MavenCli.doMain(MavenCli.java:288)
	at org.apache.maven.cli.MavenCli.main(MavenCli.java:199)
	at sun.reflect.NativeMethodAccessorImpl.invoke0(Native Method)
	at sun.reflect.NativeMethodAccessorImpl.invoke(NativeMethodAccessorImpl.java:62)
	at sun.reflect.DelegatingMethodAccessorImpl.invoke(DelegatingMethodAccessorImpl.java:43)
	at java.lang.reflect.Method.invoke(Method.java:498)
	at org.codehaus.plexus.classworlds.launcher.Launcher.launchEnhanced(Launcher.java:289)
	at org.codehaus.plexus.classworlds.launcher.Launcher.launch(Launcher.java:229)
	at org.codehaus.plexus.classworlds.launcher.Launcher.mainWithExitCode(Launcher.java:415)
	at org.codehaus.plexus.classworlds.launcher.Launcher.main(Launcher.java:356)
[INFO] ------------------------------------------------------------------------
[INFO] Reactor Summary:
[INFO] 
[INFO] JavaCPP Presets .................................... SUCCESS [  0.956 s]
[INFO] JavaCPP Presets for OpenCV ......................... SUCCESS [09:16 min]
[INFO] JavaCPP Presets for FFmpeg ......................... SUCCESS [10:33 min]
[INFO] JavaCPP Presets for FlyCapture ..................... SUCCESS [  4.716 s]
[INFO] JavaCPP Presets for libdc1394 ...................... SUCCESS [ 26.465 s]
[INFO] JavaCPP Presets for libfreenect .................... SUCCESS [ 11.287 s]
[INFO] JavaCPP Presets for libfreenect2 ................... SUCCESS [  5.389 s]
[INFO] JavaCPP Presets for librealsense ................... SUCCESS [  4.553 s]
[INFO] JavaCPP Presets for videoInput ..................... SUCCESS [  8.515 s]
[INFO] JavaCPP Presets for ARToolKitPlus .................. SUCCESS [ 15.639 s]
[INFO] JavaCPP Presets for Chilitags ...................... SUCCESS [ 26.174 s]
[INFO] JavaCPP Presets for flandmark ...................... SUCCESS [ 20.823 s]
[INFO] JavaCPP Presets for HDF5 ........................... SUCCESS [04:02 min]
[INFO] JavaCPP Presets for OpenBLAS ....................... SUCCESS [19:35 min]
[INFO] JavaCPP Presets for FFTW ........................... SUCCESS [02:43 min]
[INFO] JavaCPP Presets for GSL ............................ SUCCESS [03:39 min]
[INFO] JavaCPP Presets for LLVM ........................... SUCCESS [19:45 min]
[INFO] JavaCPP Presets for Leptonica ...................... FAILURE [ 17.484 s]
[INFO] JavaCPP Presets for Tesseract ...................... SKIPPED
[INFO] JavaCPP Presets for Caffe .......................... SKIPPED
[INFO] JavaCPP Presets for CUDA ........................... SKIPPED
[INFO] JavaCPP Presets for MXNet .......................... SKIPPED
[INFO] JavaCPP Presets for TensorFlow ..................... SKIPPED
[INFO] ------------------------------------------------------------------------
[INFO] BUILD FAILURE
[INFO] ------------------------------------------------------------------------
[INFO] Total time: 01:11 h
[INFO] Finished at: 2017-01-07T12:00:46+00:00
[INFO] Final Memory: 32M/449M
[INFO] ------------------------------------------------------------------------
[ERROR] Failed to execute goal org.codehaus.mojo:exec-maven-plugin:1.5.0:exec (javacpp.cppbuild.install) on project leptonica: Command execution failed. Process exited with an error: 1 (Exit value: 1) -> [Help 1]
[ERROR] 
[ERROR] To see the full stack trace of the errors, re-run Maven with the -e switch.
[ERROR] Re-run Maven using the -X switch to enable full debug logging.
[ERROR] 
[ERROR] For more information about the errors and possible solutions, please read the following articles:
[ERROR] [Help 1] http://cwiki.apache.org/confluence/display/MAVEN/MojoExecutionException
[ERROR] 
[ERROR] After correcting the problems, you can resume the build with the command
[ERROR]   mvn <goals> -rf :leptonica
Build step 'Execute shell' marked build as failure
